<?xml version="1.0" encoding="UTF-8"?>
<!-- Generated by org.testng.reporters.JUnitXMLReporter -->
<testsuite hostname="DESKTOP-6LH8FQ7" ignored="0" name="OrangeHRMAutomationTest" tests="4" failures="1" timestamp="2020-10-24T17:14:05 BDT" time="21.999" errors="0">
  <testcase name="checkLoginTitle" time="8.218" classname="com.samrat.OrangeHRMAutomation.Test.LoginTest"/>
  <testcase name="loginTest" time="6.471" classname="com.samrat.OrangeHRMAutomation.Test.LoginTest"/>
  <testcase name="clickAssignLeave" time="1.923" classname="com.samrat.OrangeHRMAutomation.Test.AssignLeaveTest"/>
  <testcase name="assignLeaveTest" time="3.87" classname="com.samrat.OrangeHRMAutomation.Test.AssignLeaveTest">
    <failure type="java.lang.IllegalArgumentException" message="Keys to send should be a not null CharSequence">
      <![CDATA[java.lang.IllegalArgumentException: Keys to send should be a not null CharSequence
at org.openqa.selenium.remote.RemoteWebElement.sendKeys(RemoteWebElement.java:97)
at com.samrat.OrangeHRMAutomation.Test.AssignLeaveTest.assignLeaveTest(AssignLeaveTest.java:35)
at java.util.ArrayList.forEach(Unknown Source)
... Removed 27 stack frames]]>
    </failure>
  </testcase> <!-- assignLeaveTest -->
</testsuite> <!-- OrangeHRMAutomationTest -->
