<?xml version="1.0" encoding="UTF-8"?>
<!-- Generated by org.testng.reporters.JUnitXMLReporter -->
<testsuite hostname="DESKTOP-6LH8FQ7" ignored="0" name="OrangeHRMAutomation" tests="4" failures="1" timestamp="2020-10-24T14:46:27 BDT" time="16.763" errors="0">
  <testcase name="checkLoginTitle" time="11.897" classname="com.samrat.OrangeHRMAutomation.Test.LoginTest"/>
  <testcase name="loginTest" time="2.01" classname="com.samrat.OrangeHRMAutomation.Test.LoginTest"/>
  <testcase name="clickAssignLeave" time="0.61" classname="com.samrat.OrangeHRMAutomation.Test.AssignLeaveTest">
    <failure type="org.openqa.selenium.NoSuchElementException" message="no such element: Unable to locate element: {&amp;quot;method&amp;quot;:&amp;quot;xpath&amp;quot;,&amp;quot;selector&amp;quot;:&amp;quot;//*[@id=&amp;quot;dashboard-quick-launch-panel-menu_holder&amp;quot;]/table/tbody/tr/td[1]/div/a&amp;quot;}
  (Session info: chrome=86.0.4240.111)
For documentation on this error, please visit: https://www.seleniumhq.org/exceptions/no_such_element.html
Build info: version: &amp;apos;3.141.59&amp;apos;, revision: &amp;apos;e82be7d358&amp;apos;, time: &amp;apos;2018-11-14T08:17:03&amp;apos;
System info: host: &amp;apos;DESKTOP-6LH8FQ7&amp;apos;, ip: &amp;apos;172.16.44.242&amp;apos;, os.name: &amp;apos;Windows 10&amp;apos;, os.arch: &amp;apos;amd64&amp;apos;, os.version: &amp;apos;10.0&amp;apos;, java.version: &amp;apos;1.8.0_271&amp;apos;
Driver info: org.openqa.selenium.chrome.ChromeDriver
Capabilities {acceptInsecureCerts: false, browserName: chrome, browserVersion: 86.0.4240.111, chrome: {chromedriverVersion: 85.0.4183.87 (cd6713ebf92fa..., userDataDir: C:\Users\Samrat\AppData\Loc...}, goog:chromeOptions: {debuggerAddress: localhost:1948}, javascriptEnabled: true, networkConnectionEnabled: false, pageLoadStrategy: normal, platform: WINDOWS, platformName: WINDOWS, proxy: Proxy(), setWindowRect: true, strictFileInteractability: false, timeouts: {implicit: 0, pageLoad: 300000, script: 30000}, unhandledPromptBehavior: dismiss and notify, webauthn:virtualAuthenticators: true}
Session ID: 20bad9fcf9fbfb7ebd19f359394ef2e7
*** Element info: {Using=xpath, value=//*[@id=&amp;quot;dashboard-quick-launch-panel-menu_holder&amp;quot;]/table/tbody/tr/td[1]/div/a}">
      <![CDATA[org.openqa.selenium.NoSuchElementException: no such element: Unable to locate element: {"method":"xpath","selector":"//*[@id="dashboard-quick-launch-panel-menu_holder"]/table/tbody/tr/td[1]/div/a"}
  (Session info: chrome=86.0.4240.111)
For documentation on this error, please visit: https://www.seleniumhq.org/exceptions/no_such_element.html
Build info: version: '3.141.59', revision: 'e82be7d358', time: '2018-11-14T08:17:03'
System info: host: 'DESKTOP-6LH8FQ7', ip: '172.16.44.242', os.name: 'Windows 10', os.arch: 'amd64', os.version: '10.0', java.version: '1.8.0_271'
Driver info: org.openqa.selenium.chrome.ChromeDriver
Capabilities {acceptInsecureCerts: false, browserName: chrome, browserVersion: 86.0.4240.111, chrome: {chromedriverVersion: 85.0.4183.87 (cd6713ebf92fa..., userDataDir: C:\Users\Samrat\AppData\Loc...}, goog:chromeOptions: {debuggerAddress: localhost:1948}, javascriptEnabled: true, networkConnectionEnabled: false, pageLoadStrategy: normal, platform: WINDOWS, platformName: WINDOWS, proxy: Proxy(), setWindowRect: true, strictFileInteractability: false, timeouts: {implicit: 0, pageLoad: 300000, script: 30000}, unhandledPromptBehavior: dismiss and notify, webauthn:virtualAuthenticators: true}
Session ID: 20bad9fcf9fbfb7ebd19f359394ef2e7
*** Element info: {Using=xpath, value=//*[@id="dashboard-quick-launch-panel-menu_holder"]/table/tbody/tr/td[1]/div/a}
at org.openqa.selenium.remote.http.W3CHttpResponseCodec.createException(W3CHttpResponseCodec.java:187)
at org.openqa.selenium.remote.http.W3CHttpResponseCodec.decode(W3CHttpResponseCodec.java:122)
at org.openqa.selenium.remote.http.W3CHttpResponseCodec.decode(W3CHttpResponseCodec.java:49)
at org.openqa.selenium.remote.HttpCommandExecutor.execute(HttpCommandExecutor.java:158)
at org.openqa.selenium.remote.service.DriverCommandExecutor.execute(DriverCommandExecutor.java:83)
at org.openqa.selenium.remote.RemoteWebDriver.execute(RemoteWebDriver.java:552)
at org.openqa.selenium.remote.RemoteWebDriver.findElement(RemoteWebDriver.java:323)
at org.openqa.selenium.remote.RemoteWebDriver.findElementByXPath(RemoteWebDriver.java:428)
at org.openqa.selenium.By$ByXPath.findElement(By.java:353)
at org.openqa.selenium.remote.RemoteWebDriver.findElement(RemoteWebDriver.java:315)
at com.samrat.OrangeHRMAutomation.Test.AssignLeaveTest.clickAssignLeave(AssignLeaveTest.java:26)
at java.util.ArrayList.forEach(Unknown Source)
... Removed 31 stack frames]]>
    </failure>
  </testcase> <!-- clickAssignLeave -->
  <testcase name="assignLeaveTest" time="0.0" classname="com.samrat.OrangeHRMAutomation.Test.AssignLeaveTest">
    <skipped/>
  </testcase> <!-- assignLeaveTest -->
</testsuite> <!-- OrangeHRMAutomation -->
